have_func: checking for rb_thread_blocking_region()... -------------------- yes

"gcc-4.6 -o conftest -I/Users/ktrujillo/.rvm/rubies/ruby-1.9.3-p374/include/ruby-1.9.1/x86_64-darwin12.3.0 -I/Users/ktrujillo/.rvm/rubies/ruby-1.9.3-p374/include/ruby-1.9.1/ruby/backward -I/Users/ktrujillo/.rvm/rubies/ruby-1.9.3-p374/include/ruby-1.9.1 -I. -D_XOPEN_SOURCE -D_DARWIN_C_SOURCE   -I/usr/local/opt/libyaml/include -I/usr/local/opt/readline/include -I/usr/local/opt/libksba/include -I/usr/local/opt/openssl/include  -O3 -ggdb -Wall -Wextra -Wno-unused-parameter -Wno-parentheses -Wno-long-long -Wno-missing-field-initializers -Wpointer-arith -Wwrite-strings -Wdeclaration-after-statement -Wimplicit-function-declaration  -fno-common -pipe conftest.c  -L. -L/Users/ktrujillo/.rvm/rubies/ruby-1.9.3-p374/lib -L/usr/local/opt/libyaml/lib -L/usr/local/opt/readline/lib -L/usr/local/opt/libksba/lib -L/usr/local/opt/openssl/lib -L.  -L/usr/local/opt/libyaml/lib -L/usr/local/opt/readline/lib -L/usr/local/opt/libksba/lib -L/usr/local/opt/openssl/lib      -lruby.1.9.1  -lpthread -ldl -lobjc "
checked program was:
/* begin */
1: #include "ruby.h"
2: 
3: int main() {return 0;}
/* end */

"gcc-4.6 -o conftest -I/Users/ktrujillo/.rvm/rubies/ruby-1.9.3-p374/include/ruby-1.9.1/x86_64-darwin12.3.0 -I/Users/ktrujillo/.rvm/rubies/ruby-1.9.3-p374/include/ruby-1.9.1/ruby/backward -I/Users/ktrujillo/.rvm/rubies/ruby-1.9.3-p374/include/ruby-1.9.1 -I. -D_XOPEN_SOURCE -D_DARWIN_C_SOURCE   -I/usr/local/opt/libyaml/include -I/usr/local/opt/readline/include -I/usr/local/opt/libksba/include -I/usr/local/opt/openssl/include  -O3 -ggdb -Wall -Wextra -Wno-unused-parameter -Wno-parentheses -Wno-long-long -Wno-missing-field-initializers -Wpointer-arith -Wwrite-strings -Wdeclaration-after-statement -Wimplicit-function-declaration  -fno-common -pipe conftest.c  -L. -L/Users/ktrujillo/.rvm/rubies/ruby-1.9.3-p374/lib -L/usr/local/opt/libyaml/lib -L/usr/local/opt/readline/lib -L/usr/local/opt/libksba/lib -L/usr/local/opt/openssl/lib -L.  -L/usr/local/opt/libyaml/lib -L/usr/local/opt/readline/lib -L/usr/local/opt/libksba/lib -L/usr/local/opt/openssl/lib      -lruby.1.9.1  -lpthread -ldl -lobjc "
conftest.c: In function 't':
conftest.c:5:28: warning: variable 'p' set but not used [-Wunused-but-set-variable]
checked program was:
/* begin */
1: #include "ruby.h"
2: 
3: /*top*/
4: int main() {return 0;}
5: int t() { void ((*volatile p)()); p = (void ((*)()))rb_thread_blocking_region; return 0; }
/* end */

--------------------

have_func: checking for rb_wait_for_single_fd()... -------------------- yes

"gcc-4.6 -o conftest -I/Users/ktrujillo/.rvm/rubies/ruby-1.9.3-p374/include/ruby-1.9.1/x86_64-darwin12.3.0 -I/Users/ktrujillo/.rvm/rubies/ruby-1.9.3-p374/include/ruby-1.9.1/ruby/backward -I/Users/ktrujillo/.rvm/rubies/ruby-1.9.3-p374/include/ruby-1.9.1 -I. -D_XOPEN_SOURCE -D_DARWIN_C_SOURCE   -I/usr/local/opt/libyaml/include -I/usr/local/opt/readline/include -I/usr/local/opt/libksba/include -I/usr/local/opt/openssl/include  -O3 -ggdb -Wall -Wextra -Wno-unused-parameter -Wno-parentheses -Wno-long-long -Wno-missing-field-initializers -Wpointer-arith -Wwrite-strings -Wdeclaration-after-statement -Wimplicit-function-declaration  -fno-common -pipe conftest.c  -L. -L/Users/ktrujillo/.rvm/rubies/ruby-1.9.3-p374/lib -L/usr/local/opt/libyaml/lib -L/usr/local/opt/readline/lib -L/usr/local/opt/libksba/lib -L/usr/local/opt/openssl/lib -L.  -L/usr/local/opt/libyaml/lib -L/usr/local/opt/readline/lib -L/usr/local/opt/libksba/lib -L/usr/local/opt/openssl/lib      -lruby.1.9.1  -lpthread -ldl -lobjc "
conftest.c: In function 't':
conftest.c:5:53: error: 'rb_wait_for_single_fd' undeclared (first use in this function)
conftest.c:5:53: note: each undeclared identifier is reported only once for each function it appears in
conftest.c:5:28: warning: variable 'p' set but not used [-Wunused-but-set-variable]
checked program was:
/* begin */
1: #include "ruby.h"
2: 
3: /*top*/
4: int main() {return 0;}
5: int t() { void ((*volatile p)()); p = (void ((*)()))rb_wait_for_single_fd; return 0; }
/* end */

"gcc-4.6 -o conftest -I/Users/ktrujillo/.rvm/rubies/ruby-1.9.3-p374/include/ruby-1.9.1/x86_64-darwin12.3.0 -I/Users/ktrujillo/.rvm/rubies/ruby-1.9.3-p374/include/ruby-1.9.1/ruby/backward -I/Users/ktrujillo/.rvm/rubies/ruby-1.9.3-p374/include/ruby-1.9.1 -I. -D_XOPEN_SOURCE -D_DARWIN_C_SOURCE   -I/usr/local/opt/libyaml/include -I/usr/local/opt/readline/include -I/usr/local/opt/libksba/include -I/usr/local/opt/openssl/include  -O3 -ggdb -Wall -Wextra -Wno-unused-parameter -Wno-parentheses -Wno-long-long -Wno-missing-field-initializers -Wpointer-arith -Wwrite-strings -Wdeclaration-after-statement -Wimplicit-function-declaration  -fno-common -pipe conftest.c  -L. -L/Users/ktrujillo/.rvm/rubies/ruby-1.9.3-p374/lib -L/usr/local/opt/libyaml/lib -L/usr/local/opt/readline/lib -L/usr/local/opt/libksba/lib -L/usr/local/opt/openssl/lib -L.  -L/usr/local/opt/libyaml/lib -L/usr/local/opt/readline/lib -L/usr/local/opt/libksba/lib -L/usr/local/opt/openssl/lib      -lruby.1.9.1  -lpthread -ldl -lobjc "
conftest.c: In function 't':
conftest.c:5:1: warning: implicit declaration of function 'rb_wait_for_single_fd' [-Wimplicit-function-declaration]
checked program was:
/* begin */
1: #include "ruby.h"
2: 
3: /*top*/
4: int main() {return 0;}
5: int t() { rb_wait_for_single_fd(); return 0; }
/* end */

--------------------

have_func: checking for rb_hash_dup()... -------------------- yes

"gcc-4.6 -o conftest -I/Users/ktrujillo/.rvm/rubies/ruby-1.9.3-p374/include/ruby-1.9.1/x86_64-darwin12.3.0 -I/Users/ktrujillo/.rvm/rubies/ruby-1.9.3-p374/include/ruby-1.9.1/ruby/backward -I/Users/ktrujillo/.rvm/rubies/ruby-1.9.3-p374/include/ruby-1.9.1 -I. -D_XOPEN_SOURCE -D_DARWIN_C_SOURCE   -I/usr/local/opt/libyaml/include -I/usr/local/opt/readline/include -I/usr/local/opt/libksba/include -I/usr/local/opt/openssl/include  -O3 -ggdb -Wall -Wextra -Wno-unused-parameter -Wno-parentheses -Wno-long-long -Wno-missing-field-initializers -Wpointer-arith -Wwrite-strings -Wdeclaration-after-statement -Wimplicit-function-declaration  -fno-common -pipe conftest.c  -L. -L/Users/ktrujillo/.rvm/rubies/ruby-1.9.3-p374/lib -L/usr/local/opt/libyaml/lib -L/usr/local/opt/readline/lib -L/usr/local/opt/libksba/lib -L/usr/local/opt/openssl/lib -L.  -L/usr/local/opt/libyaml/lib -L/usr/local/opt/readline/lib -L/usr/local/opt/libksba/lib -L/usr/local/opt/openssl/lib      -lruby.1.9.1  -lpthread -ldl -lobjc "
conftest.c: In function 't':
conftest.c:5:28: warning: variable 'p' set but not used [-Wunused-but-set-variable]
checked program was:
/* begin */
1: #include "ruby.h"
2: 
3: /*top*/
4: int main() {return 0;}
5: int t() { void ((*volatile p)()); p = (void ((*)()))rb_hash_dup; return 0; }
/* end */

--------------------

have_func: checking for rb_intern3()... -------------------- yes

"gcc-4.6 -o conftest -I/Users/ktrujillo/.rvm/rubies/ruby-1.9.3-p374/include/ruby-1.9.1/x86_64-darwin12.3.0 -I/Users/ktrujillo/.rvm/rubies/ruby-1.9.3-p374/include/ruby-1.9.1/ruby/backward -I/Users/ktrujillo/.rvm/rubies/ruby-1.9.3-p374/include/ruby-1.9.1 -I. -D_XOPEN_SOURCE -D_DARWIN_C_SOURCE   -I/usr/local/opt/libyaml/include -I/usr/local/opt/readline/include -I/usr/local/opt/libksba/include -I/usr/local/opt/openssl/include  -O3 -ggdb -Wall -Wextra -Wno-unused-parameter -Wno-parentheses -Wno-long-long -Wno-missing-field-initializers -Wpointer-arith -Wwrite-strings -Wdeclaration-after-statement -Wimplicit-function-declaration  -fno-common -pipe conftest.c  -L. -L/Users/ktrujillo/.rvm/rubies/ruby-1.9.3-p374/lib -L/usr/local/opt/libyaml/lib -L/usr/local/opt/readline/lib -L/usr/local/opt/libksba/lib -L/usr/local/opt/openssl/lib -L.  -L/usr/local/opt/libyaml/lib -L/usr/local/opt/readline/lib -L/usr/local/opt/libksba/lib -L/usr/local/opt/openssl/lib      -lruby.1.9.1  -lpthread -ldl -lobjc "
conftest.c: In function 't':
conftest.c:5:53: error: 'rb_intern3' undeclared (first use in this function)
conftest.c:5:53: note: each undeclared identifier is reported only once for each function it appears in
conftest.c:5:28: warning: variable 'p' set but not used [-Wunused-but-set-variable]
checked program was:
/* begin */
1: #include "ruby.h"
2: 
3: /*top*/
4: int main() {return 0;}
5: int t() { void ((*volatile p)()); p = (void ((*)()))rb_intern3; return 0; }
/* end */

"gcc-4.6 -o conftest -I/Users/ktrujillo/.rvm/rubies/ruby-1.9.3-p374/include/ruby-1.9.1/x86_64-darwin12.3.0 -I/Users/ktrujillo/.rvm/rubies/ruby-1.9.3-p374/include/ruby-1.9.1/ruby/backward -I/Users/ktrujillo/.rvm/rubies/ruby-1.9.3-p374/include/ruby-1.9.1 -I. -D_XOPEN_SOURCE -D_DARWIN_C_SOURCE   -I/usr/local/opt/libyaml/include -I/usr/local/opt/readline/include -I/usr/local/opt/libksba/include -I/usr/local/opt/openssl/include  -O3 -ggdb -Wall -Wextra -Wno-unused-parameter -Wno-parentheses -Wno-long-long -Wno-missing-field-initializers -Wpointer-arith -Wwrite-strings -Wdeclaration-after-statement -Wimplicit-function-declaration  -fno-common -pipe conftest.c  -L. -L/Users/ktrujillo/.rvm/rubies/ruby-1.9.3-p374/lib -L/usr/local/opt/libyaml/lib -L/usr/local/opt/readline/lib -L/usr/local/opt/libksba/lib -L/usr/local/opt/openssl/lib -L.  -L/usr/local/opt/libyaml/lib -L/usr/local/opt/readline/lib -L/usr/local/opt/libksba/lib -L/usr/local/opt/openssl/lib      -lruby.1.9.1  -lpthread -ldl -lobjc "
conftest.c: In function 't':
conftest.c:5:1: warning: implicit declaration of function 'rb_intern3' [-Wimplicit-function-declaration]
checked program was:
/* begin */
1: #include "ruby.h"
2: 
3: /*top*/
4: int main() {return 0;}
5: int t() { rb_intern3(); return 0; }
/* end */

--------------------

have_header: checking for mysql.h... -------------------- yes

"gcc-4.6 -E -I/Users/ktrujillo/.rvm/rubies/ruby-1.9.3-p374/include/ruby-1.9.1/x86_64-darwin12.3.0 -I/Users/ktrujillo/.rvm/rubies/ruby-1.9.3-p374/include/ruby-1.9.1/ruby/backward -I/Users/ktrujillo/.rvm/rubies/ruby-1.9.3-p374/include/ruby-1.9.1 -I. -D_XOPEN_SOURCE -D_DARWIN_C_SOURCE   -I/usr/local/opt/libyaml/include -I/usr/local/opt/readline/include -I/usr/local/opt/libksba/include -I/usr/local/opt/openssl/include -I/usr/local/Cellar/mysql/5.5.29/include  -g -DNDEBUG  -O3 -ggdb -Wall -Wextra -Wno-unused-parameter -Wno-parentheses -Wno-long-long -Wno-missing-field-initializers -Wpointer-arith -Wwrite-strings -Wdeclaration-after-statement -Wimplicit-function-declaration  -fno-common -pipe  conftest.c -o conftest.i"
checked program was:
/* begin */
1: #include "ruby.h"
2: 
3: #include <mysql.h>
/* end */

--------------------

have_header: checking for errmsg.h... -------------------- yes

"gcc-4.6 -E -I/Users/ktrujillo/.rvm/rubies/ruby-1.9.3-p374/include/ruby-1.9.1/x86_64-darwin12.3.0 -I/Users/ktrujillo/.rvm/rubies/ruby-1.9.3-p374/include/ruby-1.9.1/ruby/backward -I/Users/ktrujillo/.rvm/rubies/ruby-1.9.3-p374/include/ruby-1.9.1 -I. -D_XOPEN_SOURCE -D_DARWIN_C_SOURCE   -I/usr/local/opt/libyaml/include -I/usr/local/opt/readline/include -I/usr/local/opt/libksba/include -I/usr/local/opt/openssl/include -I/usr/local/Cellar/mysql/5.5.29/include  -g -DNDEBUG  -O3 -ggdb -Wall -Wextra -Wno-unused-parameter -Wno-parentheses -Wno-long-long -Wno-missing-field-initializers -Wpointer-arith -Wwrite-strings -Wdeclaration-after-statement -Wimplicit-function-declaration  -fno-common -pipe  conftest.c -o conftest.i"
checked program was:
/* begin */
1: #include "ruby.h"
2: 
3: #include <errmsg.h>
/* end */

--------------------

have_header: checking for mysqld_error.h... -------------------- yes

"gcc-4.6 -E -I/Users/ktrujillo/.rvm/rubies/ruby-1.9.3-p374/include/ruby-1.9.1/x86_64-darwin12.3.0 -I/Users/ktrujillo/.rvm/rubies/ruby-1.9.3-p374/include/ruby-1.9.1/ruby/backward -I/Users/ktrujillo/.rvm/rubies/ruby-1.9.3-p374/include/ruby-1.9.1 -I. -D_XOPEN_SOURCE -D_DARWIN_C_SOURCE   -I/usr/local/opt/libyaml/include -I/usr/local/opt/readline/include -I/usr/local/opt/libksba/include -I/usr/local/opt/openssl/include -I/usr/local/Cellar/mysql/5.5.29/include  -g -DNDEBUG  -O3 -ggdb -Wall -Wextra -Wno-unused-parameter -Wno-parentheses -Wno-long-long -Wno-missing-field-initializers -Wpointer-arith -Wwrite-strings -Wdeclaration-after-statement -Wimplicit-function-declaration  -fno-common -pipe  conftest.c -o conftest.i"
checked program was:
/* begin */
1: #include "ruby.h"
2: 
3: #include <mysqld_error.h>
/* end */

--------------------

"gcc-4.6 -o conftest -I/Users/ktrujillo/.rvm/rubies/ruby-1.9.3-p374/include/ruby-1.9.1/x86_64-darwin12.3.0 -I/Users/ktrujillo/.rvm/rubies/ruby-1.9.3-p374/include/ruby-1.9.1/ruby/backward -I/Users/ktrujillo/.rvm/rubies/ruby-1.9.3-p374/include/ruby-1.9.1 -I. -D_XOPEN_SOURCE -D_DARWIN_C_SOURCE   -I/usr/local/opt/libyaml/include -I/usr/local/opt/readline/include -I/usr/local/opt/libksba/include -I/usr/local/opt/openssl/include -I/usr/local/Cellar/mysql/5.5.29/include  -g -DNDEBUG  -O3 -ggdb -Wall -Wextra -Wno-unused-parameter -Wno-parentheses -Wno-long-long -Wno-missing-field-initializers -Wpointer-arith -Wwrite-strings -Wdeclaration-after-statement -Wimplicit-function-declaration  -fno-common -pipe -Wall -funroll-loops conftest.c  -L. -L/Users/ktrujillo/.rvm/rubies/ruby-1.9.3-p374/lib -L/usr/local/opt/libyaml/lib -L/usr/local/opt/readline/lib -L/usr/local/opt/libksba/lib -L/usr/local/opt/openssl/lib -L.  -L/usr/local/opt/libyaml/lib -L/usr/local/opt/readline/lib -L/usr/local/opt/libksba/lib -L/usr/local/opt/openssl/lib     -L/usr/local/Cellar/mysql/5.5.29/lib -lmysqlclient  -lz -lssl -lcrypto  -lruby.1.9.1  -Wl,-rpath,/usr/local/Cellar/mysql/5.5.29/lib -lpthread -ldl -lobjc "
checked program was:
/* begin */
1: #include "ruby.h"
2: 
3: int main() {return 0;}
/* end */

